\BOOKMARK [0][-]{chapter*.4}{\376\377\000A\000B\000S\000T\000R\000A\000C\000T}{}% 1
\BOOKMARK [0][-]{chapter.1}{\376\377\000G\000i\036\333\000i\000\040\000t\000h\000i\036\307\000u\000\040\000v\000\340\000\040\000p\000h\000\341\000t\000\040\000b\000i\036\303\000u\000\040\000b\000\340\000i\000\040\000t\000o\000\341\000n}{}% 2
\BOOKMARK [1][-]{section.1.1}{\376\377\000B\036\321\000i\000\040\000c\036\243\000n\000h}{chapter.1}% 3
\BOOKMARK [1][-]{section.1.2}{\376\377\000M\036\345\000c\000\040\000t\000i\000\352\000u}{chapter.1}% 4
\BOOKMARK [1][-]{section.1.3}{\376\377\000P\000h\036\241\000m\000\040\000v\000i\000\040\000v\000\340\000\040\000n\000g\000u\000y\000\352\000n\000\040\000t\036\257\000c\000\040\001\021\036\315\000c\000\040\000k\036\277\000t\000\040\000q\000u\036\243}{chapter.1}% 5
\BOOKMARK [1][-]{section.1.4}{\376\377\001\020\000\363\000n\000g\000\040\000g\000\363\000p\000\040\000c\000h\000\355\000n\000h}{chapter.1}% 6
\BOOKMARK [0][-]{chapter.2}{\376\377\000D\036\357\000\040\000l\000i\036\307\000u\000\040\000v\000\340\000\040\000p\000i\000p\000e\000l\000i\000n\000e\000\040\000t\000h\036\361\000c\000\040\000n\000g\000h\000i\036\307\000m}{}% 7
\BOOKMARK [1][-]{section.2.1}{\376\377\000N\000g\000u\036\323\000n\000\040\000d\036\357\000\040\000l\000i\036\307\000u}{chapter.2}% 8
\BOOKMARK [1][-]{section.2.2}{\376\377\000P\000h\000\342\000n\000\040\000b\036\321\000\040\000l\036\333\000p}{chapter.2}% 9
\BOOKMARK [1][-]{section.2.3}{\376\377\000L\000\340\000m\000\040\000s\036\241\000c\000h\000\040\000v\000\340\000\040\000b\000i\036\303\000u\000\040\000d\000i\036\305\000n\000\040\000v\001\003\000n\000\040\000b\036\243\000n}{chapter.2}% 10
\BOOKMARK [1][-]{section.2.4}{\376\377\000C\000h\000i\000a\000\040\000d\036\357\000\040\000l\000i\036\307\000u\000\040\000v\000\340\000\040\000c\000h\036\321\000n\000g\000\040\000l\000e\000a\000k\000a\000g\000e}{chapter.2}% 11
\BOOKMARK [1][-]{section.2.5}{\376\377\000C\036\245\000u\000\040\000h\000\354\000n\000h\000\040\000h\000u\036\245\000n\000\040\000l\000u\000y\036\307\000n\000\040\000c\000h\000u\000n\000g}{chapter.2}% 12
\BOOKMARK [1][-]{section.2.6}{\376\377\000C\000\341\000c\000\040\001\021\036\331\000\040\001\021\000o\000\040\001\021\000\341\000n\000h\000\040\000g\000i\000\341}{chapter.2}% 13
\BOOKMARK [0][-]{chapter.3}{\376\377\000M\000\364\000\040\000h\000\354\000n\000h\000\040\000c\000h\000\355\000n\000h\000:\000\040\000B\000i\000L\000S\000T\000M\000\040\000k\036\277\000t\000\040\000h\036\343\000p\000\040\000A\000d\000d\000i\000t\000i\000v\000e\000\040\000A\000t\000t\000e\000n\000t\000i\000o\000n}{}% 14
\BOOKMARK [1][-]{section.3.1}{\376\377\000L\000\375\000\040\000d\000o\000\040\000l\036\361\000a\000\040\000c\000h\036\315\000n\000\040\000k\000i\036\277\000n\000\040\000t\000r\000\372\000c}{chapter.3}% 15
\BOOKMARK [1][-]{section.3.2}{\376\377\000S\001\241\000\040\001\021\036\323\000\040\000k\000i\036\277\000n\000\040\000t\000r\000\372\000c\000\040\000t\036\325\000n\000g\000\040\000t\000h\036\303}{chapter.3}% 16
\BOOKMARK [1][-]{section.3.3}{\376\377\000K\000\355\000c\000h\000\040\000t\000h\001\260\036\333\000c\000\040\000t\000e\000n\000s\000o\000r\000\040\000v\000\340\000\040\000s\036\321\000\040\000t\000h\000a\000m\000\040\000s\036\321}{chapter.3}% 17
\BOOKMARK [1][-]{section.3.4}{\376\377\000C\001\241\000\040\000c\000h\036\277\000\040\000L\000S\000T\000M}{chapter.3}% 18
\BOOKMARK [1][-]{section.3.5}{\376\377\000B\000i\036\303\000u\000\040\000d\000i\036\305\000n\000\040\000h\000a\000i\000\040\000c\000h\000i\036\301\000u}{chapter.3}% 19
\BOOKMARK [1][-]{section.3.6}{\376\377\000A\000d\000d\000i\000t\000i\000v\000e\000\040\000a\000t\000t\000e\000n\000t\000i\000o\000n\000\040\000c\000\363\000\040\000m\000a\000s\000k}{chapter.3}% 20
\BOOKMARK [1][-]{section.3.7}{\376\377\000C\000l\000a\000s\000s\000i\000f\000i\000e\000r\000\040\000v\000\340\000\040\000r\000e\000g\000u\000l\000a\000r\000i\000z\000a\000t\000i\000o\000n}{chapter.3}% 21
\BOOKMARK [1][-]{section.3.8}{\376\377\000D\000i\036\305\000n\000\040\000b\000i\036\277\000n\000\040\000h\000u\036\245\000n\000\040\000l\000u\000y\036\307\000n}{chapter.3}% 22
\BOOKMARK [1][-]{section.3.9}{\376\377\000C\000o\000n\000f\000u\000s\000i\000o\000n\000\040\000m\000a\000t\000r\000i\000x\000\040\000c\036\347\000a\000\040\000m\000\364\000\040\000h\000\354\000n\000h\000\040\000c\000h\000\355\000n\000h}{chapter.3}% 23
\BOOKMARK [1][-]{section.3.10}{\376\377\001\020\000i\036\303\000m\000\040\000m\036\241\000n\000h\000\040\000v\000\340\000\040\000g\000i\036\333\000i\000\040\000h\036\241\000n\000\040\000n\036\331\000i\000\040\000t\036\241\000i}{chapter.3}% 24
\BOOKMARK [0][-]{chapter.4}{\376\377\000H\000a\000i\000\040\000m\000\364\000\040\000h\000\354\000n\000h\000\040\001\021\036\321\000i\000\040\000c\000h\036\351\000n\000g}{}% 25
\BOOKMARK [1][-]{section.4.1}{\376\377\000S\000i\000m\000p\000l\000e\000R\000N\000N\000\040\000b\000a\000s\000e\000l\000i\000n\000e}{chapter.4}% 26
\BOOKMARK [1][-]{section.4.2}{\376\377\000T\000r\000a\000n\000s\000f\000o\000r\000m\000e\000r\000\040\000E\000n\000c\000o\000d\000e\000r\000\040\000b\000a\000s\000e\000l\000i\000n\000e}{chapter.4}% 27
\BOOKMARK [1][-]{section.4.3}{\376\377\001\020\000i\036\301\000u\000\040\000k\000i\036\307\000n\000\040\000s\000o\000\040\000s\000\341\000n\000h}{chapter.4}% 28
\BOOKMARK [1][-]{section.4.4}{\376\377\000T\000\363\000m\000\040\000t\036\257\000t\000\040\000k\000h\000\341\000c\000\040\000b\000i\036\307\000t\000\040\000k\000i\036\277\000n\000\040\000t\000r\000\372\000c}{chapter.4}% 29
\BOOKMARK [0][-]{chapter.5}{\376\377\000K\036\277\000t\000\040\000q\000u\036\243\000\040\000v\000\340\000\040\000s\000o\000\040\000s\000\341\000n\000h\000\040\000c\000h\000i\000\040\000t\000i\036\277\000t\000\040\000b\000a\000\040\000m\000\364\000\040\000h\000\354\000n\000h}{}% 30
\BOOKMARK [1][-]{section.5.1}{\376\377\000K\036\277\000t\000\040\000q\000u\036\243\000\040\000t\036\325\000n\000g\000\040\000h\036\343\000p}{chapter.5}% 31
\BOOKMARK [1][-]{section.5.2}{\376\377\000S\000o\000\040\000s\000\341\000n\000h\000\040\000F\0001\000\040\000t\000h\000e\000o\000\040\000t\036\353\000n\000g\000\040\000m\036\351\000c\000\040\000r\000a\000t\000i\000n\000g}{chapter.5}% 32
\BOOKMARK [1][-]{section.5.3}{\376\377\000S\000o\000\040\000s\000\341\000n\000h\000\040\000c\000o\000n\000f\000u\000s\000i\000o\000n\000\040\000m\000a\000t\000r\000i\000x}{chapter.5}% 33
\BOOKMARK [1][-]{section.5.4}{\376\377\001\020\001\260\036\335\000n\000g\000\040\000v\000a\000l\000i\000d\000a\000t\000i\000o\000n\000\040\000c\036\347\000a\000\040\000b\000a\000\040\000m\000\364\000\040\000h\000\354\000n\000h}{chapter.5}% 34
\BOOKMARK [1][-]{section.5.5}{\376\377\000C\000h\000i\000\040\000p\000h\000\355\000\040\000t\000\340\000i\000\040\000n\000g\000u\000y\000\352\000n}{chapter.5}% 35
\BOOKMARK [1][-]{section.5.6}{\376\377\000S\000o\000\040\000s\000\341\000n\000h\000\040\000t\000r\036\361\000c\000\040\000t\000i\036\277\000p\000\040\000B\000i\000L\000S\000T\000M\000\040\000+\000\040\000A\000t\000t\000e\000n\000t\000i\000o\000n\000\040\000v\036\333\000i\000\040\000S\000i\000m\000p\000l\000e\000R\000N\000N}{chapter.5}% 36
\BOOKMARK [1][-]{section.5.7}{\376\377\000S\000o\000\040\000s\000\341\000n\000h\000\040\000t\000r\036\361\000c\000\040\000t\000i\036\277\000p\000\040\000B\000i\000L\000S\000T\000M\000\040\000+\000\040\000A\000t\000t\000e\000n\000t\000i\000o\000n\000\040\000v\036\333\000i\000\040\000T\000r\000a\000n\000s\000f\000o\000r\000m\000e\000r}{chapter.5}% 37
\BOOKMARK [1][-]{section.5.8}{\376\377\000M\000\364\000\040\000h\000\354\000n\000h\000\040\001\021\001\260\036\343\000c\000\040\000l\036\361\000a\000\040\000c\000h\036\315\000n}{chapter.5}% 38
\BOOKMARK [0][-]{chapter.6}{\376\377\000V\036\245\000n\000\040\001\021\036\301\000\040\000t\036\323\000n\000\040\000t\036\241\000i\000,\000\040\000h\001\260\036\333\000n\000g\000\040\000c\036\243\000i\000\040\000t\000h\000i\036\307\000n\000\040\000v\000\340\000\040\000k\036\277\000t\000\040\000l\000u\036\255\000n}{}% 39
\BOOKMARK [1][-]{section.6.1}{\376\377\000V\036\245\000n\000\040\001\021\036\301\000\040\000n\000g\000h\000i\000\352\000m\000\040\000t\000r\036\315\000n\000g\000\040\000n\000h\036\245\000t\000:\000\040\000m\036\245\000t\000\040\000c\000\342\000n\000\040\000b\036\261\000n\000g\000\040\000v\000\340\000\040\000s\036\345\000p\000\040\001\021\036\325\000\040\000l\036\333\000p}{chapter.6}% 40
\BOOKMARK [1][-]{section.6.2}{\376\377\000B\000\340\000i\000\040\000t\000o\000\341\000n\000\040\000c\000\363\000\040\000t\000h\036\351\000\040\000b\036\255\000c\000\040\000n\000h\001\260\000n\000g\000\040\000l\000o\000s\000s\000\040\001\021\000a\000n\000g\000\040\000x\000e\000m\000\040\000n\000h\000\343\000n\000\040\000l\000\340\000\040\000d\000a\000n\000h\000\040\000m\036\345\000c}{chapter.6}% 41
\BOOKMARK [1][-]{section.6.3}{\376\377\000H\036\241\000n\000\040\000c\000h\036\277\000\040\000c\036\347\000a\000\040\000q\000u\000y\000\040\000t\000r\000\354\000n\000h\000\040\001\021\000\341\000n\000h\000\040\000g\000i\000\341}{chapter.6}% 42
\BOOKMARK [1][-]{section.6.4}{\376\377\000H\036\241\000n\000\040\000c\000h\036\277\000\040\000t\000i\036\301\000n\000\040\000x\036\355\000\040\000l\000\375}{chapter.6}% 43
\BOOKMARK [1][-]{section.6.5}{\376\377\000H\036\241\000n\000\040\000c\000h\036\277\000\040\000r\000i\000\352\000n\000g\000\040\000c\036\347\000a\000\040\000B\000i\000L\000S\000T\000M\000\040\000+\000\040\000A\000t\000t\000e\000n\000t\000i\000o\000n}{chapter.6}% 44
\BOOKMARK [1][-]{section.6.6}{\376\377\000H\036\241\000n\000\040\000c\000h\036\277\000\040\000r\000i\000\352\000n\000g\000\040\000c\036\347\000a\000\040\000h\000a\000i\000\040\000b\000a\000s\000e\000l\000i\000n\000e}{chapter.6}% 45
\BOOKMARK [1][-]{section.6.7}{\376\377\000L\036\331\000\040\000t\000r\000\354\000n\000h\000\040\000c\036\243\000i\000\040\000t\000h\000i\036\307\000n\000\040\001\021\036\301\000\040\000x\000u\036\245\000t}{chapter.6}% 46
\BOOKMARK [1][-]{section.6.8}{\376\377\000K\036\277\000t\000\040\000l\000u\036\255\000n}{chapter.6}% 47
\BOOKMARK [0][-]{chapter*.23}{\376\377\000T\000\300\000I\000\040\000L\000I\036\306\000U\000\040\000T\000H\000A\000M\000\040\000K\000H\036\242\000O}{}% 48
